<?xml version="1.0" encoding="UTF-8"?>
<!-- Generated by org.testng.reporters.JUnitReportReporter -->
<testsuite skipped="0" hostname="IN1215319W2" name="test.php.BookHotel" tests="1" failures="0" timestamp="25 Jul 2018 18:53:23 GMT" time="89.454" errors="0">
  <testcase name="bookHotel" time="89.454" classname="test.php.BookHotel"/>
</testsuite> <!-- test.php.BookHotel -->
