<?xml version="1.0" encoding="UTF-8"?>
<!-- Generated by org.testng.reporters.JUnitReportReporter -->
<testsuite skipped="0" hostname="IN1215319W2" name="test.php.LoginPHP" tests="1" failures="0" timestamp="25 Jul 2018 09:16:31 GMT" time="45.241" errors="0">
  <testcase name="loginToPhp" time="45.241" classname="test.php.LoginPHP"/>
</testsuite> <!-- test.php.LoginPHP -->
